生成启动时间为 2016/9/29 13:58:14。
     1>项目“F:\MyCocos\DouDiZhu_2\DouDiZhu\proj.win32\DouDiZhu.vcxproj”在节点 2 上(Build 个目标)。
     1>PreLinkEvent:
         if not exist "F:\MyCocos\DouDiZhu_2\DouDiZhu\proj.win32\Debug.win32\" mkdir "F:\MyCocos\DouDiZhu_2\DouDiZhu\proj.win32\Debug.win32\"
         xcopy /Y /Q "C:\Cocos\frameworks\cocos2d-x-3.8.1\prebuilt\win32\*.*" "F:\MyCocos\DouDiZhu_2\DouDiZhu\proj.win32\Debug.win32\"
         
         :VCEnd
         复制了 60 个文件
       Link:
         E:\Visual Studio2013\VC\bin\link.exe /ERRORREPORT:PROMPT /OUT:"F:\MyCocos\DouDiZhu_2\DouDiZhu\proj.win32\Debug.win32\DouDiZhu.exe" /INCREMENTAL /NOLOGO /LIBPATH:F:\MyCocos\DouDiZhu_2\DouDiZhu\proj.win32\Debug.win32\ /LIBPATH:F:\MyCocos\DouDiZhu_2\DouDiZhu\proj.win32\Debug.win32\ opengl32.lib glew32.lib libzlib.lib libwebp.lib libiconv.lib freetype.lib winmm.lib ws2_32.lib kernel32.lib user32.lib gdi32.lib winspool.lib comdlg32.lib advapi32.lib shell32.lib ole32.lib oleaut32.lib uuid.lib odbc32.lib odbccp32.lib /MANIFEST /MANIFESTUAC:"level='asInvoker' uiAccess='false'" /manifest:embed /DEBUG /PDB:"F:\MyCocos\DouDiZhu_2\DouDiZhu\proj.win32\Debug.win32\DouDiZhu.pdb" /SUBSYSTEM:WINDOWS,"5.01" /TLBID:1 /DYNAMICBASE /NXCOMPAT /IMPLIB:"F:\MyCocos\DouDiZhu_2\DouDiZhu\proj.win32\Debug.win32\DouDiZhu.lib" /MACHINE:X86 /SAFESEH Debug.win32\game.res
         Debug.win32\AppDelegate.obj
         Debug.win32\GameAnimation.obj
         Debug.win32\GameRules.obj
         Debug.win32\GameScene.obj
         Debug.win32\GlobalFunc.obj
         Debug.win32\HeadImage.obj
         Debug.win32\OutCards.obj
         Debug.win32\Player.obj
         Debug.win32\PlayerOrder.obj
         Debug.win32\Poker.obj
         Debug.win32\PokerController.obj
         Debug.win32\main.obj
     1>AppDelegate.obj : warning LNK4075: 忽略“/EDITANDCONTINUE”(由于“/SAFESEH”规范)
            正在创建库 F:\MyCocos\DouDiZhu_2\DouDiZhu\proj.win32\Debug.win32\DouDiZhu.lib 和对象 F:\MyCocos\DouDiZhu_2\DouDiZhu\proj.win32\Debug.win32\DouDiZhu.exp
         DouDiZhu.vcxproj -> F:\MyCocos\DouDiZhu_2\DouDiZhu\proj.win32\Debug.win32\DouDiZhu.exe
       CustomBuildStep:
         if not exist "F:\MyCocos\DouDiZhu_2\DouDiZhu\proj.win32\Debug.win32\" mkdir "F:\MyCocos\DouDiZhu_2\DouDiZhu\proj.win32\Debug.win32\"
         xcopy "F:\MyCocos\DouDiZhu_2\DouDiZhu\proj.win32\..\Resources" "F:\MyCocos\DouDiZhu_2\DouDiZhu\proj.win32\Debug.win32\" /D /E /I /F /Y
               
         :VCEnd
         复制了 0 个文件
     1>已完成生成项目“F:\MyCocos\DouDiZhu_2\DouDiZhu\proj.win32\DouDiZhu.vcxproj”(Build 个目标)的操作。

生成成功。

已用时间 00:00:01.09
